<?xml version="1.0" encoding="UTF-8"?>
<!-- Generated by org.testng.reporters.JUnitXMLReporter -->
<testsuite ignored="0" hostname="DESKTOP-Swapnil" failures="0" tests="6" name="Test" time="49.41" errors="0" timestamp="2022-10-10T12:16:09 IST">
  <testcase classname="com.sauceDemo.TestClasses.TC01_VerifyLoginFunctionalityTestClass" name="VerifyLoginFunctionalityTestClass" time="0.05"/>
  <testcase classname="com.sauceDemo.TestClasses.TC02_VerifyLogoutFunctionalityTestClass" name="VerifyLogoutFunctionalityTestClass" time="0.365"/>
  <testcase classname="com.sauceDemo.TestClasses.TC03_AddToCartFunctionalityTestClass" name="AddToCartFunctionalityTestClass" time="0.288"/>
  <testcase classname="com.sauceDemo.TestClasses.TC04_VerifyMultiAddToCartFunctionalityTestClass" name="VerifyMultiAddToCartFunctionalityTestClass" time="0.797"/>
  <testcase classname="com.sauceDemo.TestClasses.TC05_VerifyDropdownFunctionalityTestClass" name="VerifyDropdownFunctionalityTestClass" time="0.539"/>
  <testcase classname="com.sauceDemo.TestClasses.TC06_VerifyCheckoutFuntionalityTestclass" name="VerifyCheckoutFuntionalityTestclass" time="1.443"/>
</testsuite> <!-- Test -->
