<?xml version="1.0" encoding="UTF-8"?>
<testng-results ignored="0" total="6" passed="6" failed="0" skipped="0">
  <reporter-output>
  </reporter-output>
  <suite started-at="2022-10-10T12:15:19 IST" name="Suite" finished-at="2022-10-10T12:16:09 IST" duration-ms="49410">
    <groups>
    </groups>
    <test started-at="2022-10-10T12:15:19 IST" name="Test" finished-at="2022-10-10T12:16:09 IST" duration-ms="49410">
      <class name="com.sauceDemo.TestClasses.TC05_VerifyDropdownFunctionalityTestClass">
        <test-method is-config="true" signature="setupmethod(java.lang.String)[pri:0, instance:com.sauceDemo.TestClasses.TC05_VerifyDropdownFunctionalityTestClass@4fb3ee4e]" started-at="2022-10-10T12:15:53 IST" name="setupmethod" finished-at="2022-10-10T12:15:59 IST" duration-ms="6080" status="PASS">
          <params>
            <param index="0">
              <value>
                <![CDATA[Chrome]]>
              </value>
            </param>
          </params>
          <reporter-output>
          </reporter-output>
        </test-method> <!-- setupmethod -->
        <test-method signature="VerifyDropdownFunctionalityTestClass()[pri:0, instance:com.sauceDemo.TestClasses.TC05_VerifyDropdownFunctionalityTestClass@4fb3ee4e]" started-at="2022-10-10T12:15:59 IST" name="VerifyDropdownFunctionalityTestClass" finished-at="2022-10-10T12:16:00 IST" duration-ms="539" status="PASS">
          <reporter-output>
          </reporter-output>
        </test-method> <!-- VerifyDropdownFunctionalityTestClass -->
        <test-method is-config="true" signature="tearDown()[pri:0, instance:com.sauceDemo.TestClasses.TC05_VerifyDropdownFunctionalityTestClass@4fb3ee4e]" started-at="2022-10-10T12:16:00 IST" name="tearDown" finished-at="2022-10-10T12:16:01 IST" duration-ms="1205" status="PASS">
          <reporter-output>
          </reporter-output>
        </test-method> <!-- tearDown -->
      </class> <!-- com.sauceDemo.TestClasses.TC05_VerifyDropdownFunctionalityTestClass -->
      <class name="com.sauceDemo.TestClasses.TC01_VerifyLoginFunctionalityTestClass">
        <test-method is-config="true" signature="setupmethod(java.lang.String)[pri:0, instance:com.sauceDemo.TestClasses.TC01_VerifyLoginFunctionalityTestClass@3d5c822d]" started-at="2022-10-10T12:15:20 IST" name="setupmethod" finished-at="2022-10-10T12:15:29 IST" duration-ms="9244" status="PASS">
          <params>
            <param index="0">
              <value>
                <![CDATA[Chrome]]>
              </value>
            </param>
          </params>
          <reporter-output>
          </reporter-output>
        </test-method> <!-- setupmethod -->
        <test-method signature="VerifyLoginFunctionalityTestClass()[pri:0, instance:com.sauceDemo.TestClasses.TC01_VerifyLoginFunctionalityTestClass@3d5c822d]" started-at="2022-10-10T12:15:29 IST" name="VerifyLoginFunctionalityTestClass" finished-at="2022-10-10T12:15:29 IST" duration-ms="50" status="PASS">
          <reporter-output>
          </reporter-output>
        </test-method> <!-- VerifyLoginFunctionalityTestClass -->
        <test-method is-config="true" signature="tearDown()[pri:0, instance:com.sauceDemo.TestClasses.TC01_VerifyLoginFunctionalityTestClass@3d5c822d]" started-at="2022-10-10T12:15:29 IST" name="tearDown" finished-at="2022-10-10T12:15:30 IST" duration-ms="635" status="PASS">
          <reporter-output>
          </reporter-output>
        </test-method> <!-- tearDown -->
      </class> <!-- com.sauceDemo.TestClasses.TC01_VerifyLoginFunctionalityTestClass -->
      <class name="com.sauceDemo.TestClasses.TC03_AddToCartFunctionalityTestClass">
        <test-method is-config="true" signature="setupmethod(java.lang.String)[pri:0, instance:com.sauceDemo.TestClasses.TC03_AddToCartFunctionalityTestClass@543588e6]" started-at="2022-10-10T12:15:37 IST" name="setupmethod" finished-at="2022-10-10T12:15:43 IST" duration-ms="6601" status="PASS">
          <params>
            <param index="0">
              <value>
                <![CDATA[Chrome]]>
              </value>
            </param>
          </params>
          <reporter-output>
          </reporter-output>
        </test-method> <!-- setupmethod -->
        <test-method signature="AddToCartFunctionalityTestClass()[pri:0, instance:com.sauceDemo.TestClasses.TC03_AddToCartFunctionalityTestClass@543588e6]" started-at="2022-10-10T12:15:43 IST" name="AddToCartFunctionalityTestClass" finished-at="2022-10-10T12:15:44 IST" duration-ms="288" status="PASS">
          <reporter-output>
          </reporter-output>
        </test-method> <!-- AddToCartFunctionalityTestClass -->
        <test-method is-config="true" signature="tearDown()[pri:0, instance:com.sauceDemo.TestClasses.TC03_AddToCartFunctionalityTestClass@543588e6]" started-at="2022-10-10T12:15:44 IST" name="tearDown" finished-at="2022-10-10T12:15:44 IST" duration-ms="605" status="PASS">
          <reporter-output>
          </reporter-output>
        </test-method> <!-- tearDown -->
      </class> <!-- com.sauceDemo.TestClasses.TC03_AddToCartFunctionalityTestClass -->
      <class name="com.sauceDemo.TestClasses.TC02_VerifyLogoutFunctionalityTestClass">
        <test-method is-config="true" signature="setupmethod(java.lang.String)[pri:0, instance:com.sauceDemo.TestClasses.TC02_VerifyLogoutFunctionalityTestClass@58695725]" started-at="2022-10-10T12:15:30 IST" name="setupmethod" finished-at="2022-10-10T12:15:36 IST" duration-ms="6278" status="PASS">
          <params>
            <param index="0">
              <value>
                <![CDATA[Chrome]]>
              </value>
            </param>
          </params>
          <reporter-output>
          </reporter-output>
        </test-method> <!-- setupmethod -->
        <test-method signature="VerifyLogoutFunctionalityTestClass()[pri:0, instance:com.sauceDemo.TestClasses.TC02_VerifyLogoutFunctionalityTestClass@58695725]" started-at="2022-10-10T12:15:36 IST" name="VerifyLogoutFunctionalityTestClass" finished-at="2022-10-10T12:15:36 IST" duration-ms="365" status="PASS">
          <reporter-output>
          </reporter-output>
        </test-method> <!-- VerifyLogoutFunctionalityTestClass -->
        <test-method is-config="true" signature="tearDown()[pri:0, instance:com.sauceDemo.TestClasses.TC02_VerifyLogoutFunctionalityTestClass@58695725]" started-at="2022-10-10T12:15:36 IST" name="tearDown" finished-at="2022-10-10T12:15:37 IST" duration-ms="569" status="PASS">
          <reporter-output>
          </reporter-output>
        </test-method> <!-- tearDown -->
      </class> <!-- com.sauceDemo.TestClasses.TC02_VerifyLogoutFunctionalityTestClass -->
      <class name="com.sauceDemo.TestClasses.TC06_VerifyCheckoutFuntionalityTestclass">
        <test-method is-config="true" signature="setupmethod(java.lang.String)[pri:0, instance:com.sauceDemo.TestClasses.TC06_VerifyCheckoutFuntionalityTestclass@5d7148e2]" started-at="2022-10-10T12:16:01 IST" name="setupmethod" finished-at="2022-10-10T12:16:07 IST" duration-ms="5724" status="PASS">
          <params>
            <param index="0">
              <value>
                <![CDATA[Chrome]]>
              </value>
            </param>
          </params>
          <reporter-output>
          </reporter-output>
        </test-method> <!-- setupmethod -->
        <test-method signature="VerifyCheckoutFuntionalityTestclass()[pri:0, instance:com.sauceDemo.TestClasses.TC06_VerifyCheckoutFuntionalityTestclass@5d7148e2]" started-at="2022-10-10T12:16:07 IST" name="VerifyCheckoutFuntionalityTestclass" finished-at="2022-10-10T12:16:08 IST" duration-ms="1443" status="PASS">
          <reporter-output>
          </reporter-output>
        </test-method> <!-- VerifyCheckoutFuntionalityTestclass -->
        <test-method is-config="true" signature="tearDown()[pri:0, instance:com.sauceDemo.TestClasses.TC06_VerifyCheckoutFuntionalityTestclass@5d7148e2]" started-at="2022-10-10T12:16:08 IST" name="tearDown" finished-at="2022-10-10T12:16:09 IST" duration-ms="651" status="PASS">
          <reporter-output>
          </reporter-output>
        </test-method> <!-- tearDown -->
      </class> <!-- com.sauceDemo.TestClasses.TC06_VerifyCheckoutFuntionalityTestclass -->
      <class name="com.sauceDemo.TestClasses.TC04_VerifyMultiAddToCartFunctionalityTestClass">
        <test-method is-config="true" signature="setupmethod(java.lang.String)[pri:0, instance:com.sauceDemo.TestClasses.TC04_VerifyMultiAddToCartFunctionalityTestClass@f5acb9d]" started-at="2022-10-10T12:15:44 IST" name="setupmethod" finished-at="2022-10-10T12:15:51 IST" duration-ms="6952" status="PASS">
          <params>
            <param index="0">
              <value>
                <![CDATA[Chrome]]>
              </value>
            </param>
          </params>
          <reporter-output>
          </reporter-output>
        </test-method> <!-- setupmethod -->
        <test-method signature="VerifyMultiAddToCartFunctionalityTestClass()[pri:0, instance:com.sauceDemo.TestClasses.TC04_VerifyMultiAddToCartFunctionalityTestClass@f5acb9d]" started-at="2022-10-10T12:15:51 IST" name="VerifyMultiAddToCartFunctionalityTestClass" finished-at="2022-10-10T12:15:52 IST" duration-ms="797" status="PASS">
          <reporter-output>
          </reporter-output>
        </test-method> <!-- VerifyMultiAddToCartFunctionalityTestClass -->
        <test-method is-config="true" signature="tearDown()[pri:0, instance:com.sauceDemo.TestClasses.TC04_VerifyMultiAddToCartFunctionalityTestClass@f5acb9d]" started-at="2022-10-10T12:15:52 IST" name="tearDown" finished-at="2022-10-10T12:15:53 IST" duration-ms="1237" status="PASS">
          <reporter-output>
          </reporter-output>
        </test-method> <!-- tearDown -->
      </class> <!-- com.sauceDemo.TestClasses.TC04_VerifyMultiAddToCartFunctionalityTestClass -->
    </test> <!-- Test -->
  </suite> <!-- Suite -->
</testng-results>
